<?xml version="1.0" encoding="UTF-8"?>
<!-- Generated by org.testng.reporters.JUnitXMLReporter -->
<testsuite ignored="0" hostname="DESKTOP-OVC9B5E" failures="0" tests="2" name="Run on Firefox" time="12.483" errors="0" timestamp="01 May 2022 19:24:58 GMT">
  <testcase classname="com.techpanda.mobile.Practice_06_Purchase_Product" name="TC_01_Login" time="4.95"/>
  <testcase classname="com.techpanda.mobile.Practice_06_Purchase_Product" name="TC_02_Purchase" time="0.002"/>
</testsuite> <!-- Run on Firefox -->
