<?xml version="1.0" encoding="UTF-8"?>
<!-- Generated by org.testng.reporters.JUnitXMLReporter -->
<testsuite hostname="btklinh" ignored="0" name="Run on Chrome" tests="4" failures="0" timestamp="23 May 2022 11:28:53 GMT" time="11.919" errors="0">
  <testcase name="Test_01_Login" time="5.134" classname="com.java.basic.Part_05_Multibrowser"/>
  <testcase name="Test_03_test" time="0.737" classname="com.java.basic.Part_05_Multibrowser"/>
  <testcase name="Test_02_Verify_Helpdesk_Menu" time="0.614" classname="com.java.basic.Part_05_Multibrowser"/>
  <testcase name="Test_04_Verify_Logout" time="0.364" classname="com.java.basic.Part_05_Multibrowser"/>
</testsuite> <!-- Run on Chrome -->
