<?xml version="1.0" encoding="UTF-8"?>
<!-- Generated by org.testng.reporters.JUnitXMLReporter -->
<testsuite ignored="1" hostname="DESKTOP-OVC9B5E" failures="0" tests="3" name="Run on Chrome" time="8.034" errors="0" timestamp="23 May 2022 15:58:21 GMT">
  <testcase classname="com.java.basic.Part_05_Multibrowser" name="Test_01_Login" time="3.773"/>
  <testcase classname="com.java.basic.Part_05_Multibrowser" name="Test_02_Verify_Helpdesk_Menu" time="0.667"/>
  <testcase classname="com.java.basic.Part_05_Multibrowser" name="Test_04_Verify_Logout" time="0.294"/>
  <testcase classname="com.java.basic.Part_05_Multibrowser" name="Test_03_Click_Help_Desk_Menu" time="0.0">
    <ignored/>
  </testcase> <!-- Test_03_Click_Help_Desk_Menu -->
</testsuite> <!-- Run on Chrome -->
