<?xml version="1.0" encoding="UTF-8"?>
<!-- Generated by org.testng.reporters.JUnitXMLReporter -->
<testsuite hostname="btklinh" ignored="0" name="Run on Firefox 2" tests="1" failures="1" timestamp="27 Apr 2022 10:00:47 GMT" time="7.488" errors="0">
  <testcase name="TC_01_Verify_Title" time="0.037" classname="com.techpanda.home.Practice_01_Title">
    <failure type="java.lang.AssertionError" message="expected [THIS IS DEMO SITE FOR ] but found [THIS IS DEMO SITE FOR   ]">
      <![CDATA[java.lang.AssertionError: expected [THIS IS DEMO SITE FOR ] but found [THIS IS DEMO SITE FOR   ]
at com.techpanda.home.Practice_01_Title.TC_01_Verify_Title(Practice_01_Title.java:23)
... Removed 31 stack frames]]>
    </failure>
  </testcase> <!-- TC_01_Verify_Title -->
</testsuite> <!-- Run on Firefox 2 -->
